16 Mar 2025 - 14:14:38.979 - c.example.tgcloud.TgcloudApplication -  INFO  - Starting TgcloudApplication using Java 21.0.5 with PID 2198218 (/home/elmurod/IdeaProjects/telegramcloud/target/classes started by elmurod in /home/elmurod/IdeaProjects/telegramcloud)
16 Mar 2025 - 14:14:38.993 - c.example.tgcloud.TgcloudApplication -  INFO  - No active profile set, falling back to 1 default profile: "default"
16 Mar 2025 - 14:14:39.574 - o.s.d.r.c.RepositoryConfigurationDelegate -  INFO  - Bootstrapping Spring Data JPA repositories in DEFAULT mode.
16 Mar 2025 - 14:14:39.625 - o.s.d.r.c.RepositoryConfigurationDelegate -  INFO  - Finished Spring Data repository scanning in 45 ms. Found 2 JPA repository interfaces.
16 Mar 2025 - 14:14:40.028 - o.s.b.w.e.tomcat.TomcatWebServer -  INFO  - Tomcat initialized with port(s): 8081 (http)
16 Mar 2025 - 14:14:40.035 - o.a.catalina.core.StandardService -  INFO  - Starting service [Tomcat]
16 Mar 2025 - 14:14:40.036 - o.a.catalina.core.StandardEngine -  INFO  - Starting Servlet engine: [Apache Tomcat/10.1.8]
16 Mar 2025 - 14:14:40.112 - o.a.c.c.C.[Tomcat].[localhost].[/] -  INFO  - Initializing Spring embedded WebApplicationContext
16 Mar 2025 - 14:14:40.112 - o.s.b.w.s.c.ServletWebServerApplicationContext -  INFO  - Root WebApplicationContext: initialization completed in 1075 ms
16 Mar 2025 - 14:14:40.286 - o.h.jpa.internal.util.LogHelper -  INFO  - HHH000204: Processing PersistenceUnitInfo [name: default]
16 Mar 2025 - 14:14:40.320 - org.hibernate.Version -  INFO  - HHH000412: Hibernate ORM core version 6.2.2.Final
16 Mar 2025 - 14:14:40.321 - org.hibernate.cfg.Environment -  INFO  - HHH000406: Using bytecode reflection optimizer
16 Mar 2025 - 14:14:40.416 - o.h.b.i.BytecodeProviderInitiator -  INFO  - HHH000021: Bytecode provider name : bytebuddy
16 Mar 2025 - 14:14:40.564 - o.s.o.j.p.SpringPersistenceUnitInfo -  INFO  - No LoadTimeWeaver setup: ignoring JPA class transformer
16 Mar 2025 - 14:14:40.577 - com.zaxxer.hikari.HikariDataSource -  INFO  - HikariPool-1 - Starting...
16 Mar 2025 - 14:14:41.608 - com.zaxxer.hikari.pool.HikariPool -  ERROR - HikariPool-1 - Exception during pool initialization.
org.postgresql.util.PSQLException: Connection to localhost:5434 refused. Check that the hostname and port are correct and that the postmaster is accepting TCP/IP connections.
	at org.postgresql.core.v3.ConnectionFactoryImpl.openConnectionImpl(ConnectionFactoryImpl.java:342)
	at org.postgresql.core.ConnectionFactory.openConnection(ConnectionFactory.java:54)
	at org.postgresql.jdbc.PgConnection.<init>(PgConnection.java:263)
	at org.postgresql.Driver.makeConnection(Driver.java:443)
	at org.postgresql.Driver.connect(Driver.java:297)
	at com.zaxxer.hikari.util.DriverDataSource.getConnection(DriverDataSource.java:138)
	at com.zaxxer.hikari.pool.PoolBase.newConnection(PoolBase.java:359)
	at com.zaxxer.hikari.pool.PoolBase.newPoolEntry(PoolBase.java:201)
	at com.zaxxer.hikari.pool.HikariPool.createPoolEntry(HikariPool.java:470)
	at com.zaxxer.hikari.pool.HikariPool.checkFailFast(HikariPool.java:561)
	at com.zaxxer.hikari.pool.HikariPool.<init>(HikariPool.java:100)
	at com.zaxxer.hikari.HikariDataSource.getConnection(HikariDataSource.java:112)
	at org.hibernate.engine.jdbc.connections.internal.DatasourceConnectionProviderImpl.getConnection(DatasourceConnectionProviderImpl.java:122)
	at org.hibernate.engine.jdbc.env.internal.JdbcEnvironmentInitiator$ConnectionProviderJdbcConnectionAccess.obtainConnection(JdbcEnvironmentInitiator.java:316)
	at org.hibernate.engine.jdbc.env.internal.JdbcEnvironmentInitiator.initiateService(JdbcEnvironmentInitiator.java:152)
	at org.hibernate.engine.jdbc.env.internal.JdbcEnvironmentInitiator.initiateService(JdbcEnvironmentInitiator.java:34)
	at org.hibernate.boot.registry.internal.StandardServiceRegistryImpl.initiateService(StandardServiceRegistryImpl.java:119)
	at org.hibernate.service.internal.AbstractServiceRegistryImpl.createService(AbstractServiceRegistryImpl.java:264)
	at org.hibernate.service.internal.AbstractServiceRegistryImpl.initializeService(AbstractServiceRegistryImpl.java:239)
	at org.hibernate.service.internal.AbstractServiceRegistryImpl.getService(AbstractServiceRegistryImpl.java:216)
	at org.hibernate.boot.model.relational.Database.<init>(Database.java:45)
	at org.hibernate.boot.internal.InFlightMetadataCollectorImpl.getDatabase(InFlightMetadataCollectorImpl.java:229)
	at org.hibernate.boot.internal.InFlightMetadataCollectorImpl.<init>(InFlightMetadataCollectorImpl.java:197)
	at org.hibernate.boot.model.process.spi.MetadataBuildingProcess.complete(MetadataBuildingProcess.java:166)
	at org.hibernate.jpa.boot.internal.EntityManagerFactoryBuilderImpl.metadata(EntityManagerFactoryBuilderImpl.java:1380)
	at org.hibernate.jpa.boot.internal.EntityManagerFactoryBuilderImpl.build(EntityManagerFactoryBuilderImpl.java:1451)
	at org.springframework.orm.jpa.vendor.SpringHibernateJpaPersistenceProvider.createContainerEntityManagerFactory(SpringHibernateJpaPersistenceProvider.java:66)
	at org.springframework.orm.jpa.LocalContainerEntityManagerFactoryBean.createNativeEntityManagerFactory(LocalContainerEntityManagerFactoryBean.java:376)
	at org.springframework.orm.jpa.AbstractEntityManagerFactoryBean.buildNativeEntityManagerFactory(AbstractEntityManagerFactoryBean.java:409)
	at org.springframework.orm.jpa.AbstractEntityManagerFactoryBean.afterPropertiesSet(AbstractEntityManagerFactoryBean.java:396)
	at org.springframework.orm.jpa.LocalContainerEntityManagerFactoryBean.afterPropertiesSet(LocalContainerEntityManagerFactoryBean.java:352)
	at org.springframework.beans.factory.support.AbstractAutowireCapableBeanFactory.invokeInitMethods(AbstractAutowireCapableBeanFactory.java:1816)
	at org.springframework.beans.factory.support.AbstractAutowireCapableBeanFactory.initializeBean(AbstractAutowireCapableBeanFactory.java:1766)
	at org.springframework.beans.factory.support.AbstractAutowireCapableBeanFactory.doCreateBean(AbstractAutowireCapableBeanFactory.java:598)
	at org.springframework.beans.factory.support.AbstractAutowireCapableBeanFactory.createBean(AbstractAutowireCapableBeanFactory.java:520)
	at org.springframework.beans.factory.support.AbstractBeanFactory.lambda$doGetBean$0(AbstractBeanFactory.java:326)
	at org.springframework.beans.factory.support.DefaultSingletonBeanRegistry.getSingleton(DefaultSingletonBeanRegistry.java:234)
	at org.springframework.beans.factory.support.AbstractBeanFactory.doGetBean(AbstractBeanFactory.java:324)
	at org.springframework.beans.factory.support.AbstractBeanFactory.getBean(AbstractBeanFactory.java:200)
	at org.springframework.context.support.AbstractApplicationContext.getBean(AbstractApplicationContext.java:1156)
	at org.springframework.context.support.AbstractApplicationContext.finishBeanFactoryInitialization(AbstractApplicationContext.java:931)
	at org.springframework.context.support.AbstractApplicationContext.refresh(AbstractApplicationContext.java:608)
	at org.springframework.boot.web.servlet.context.ServletWebServerApplicationContext.refresh(ServletWebServerApplicationContext.java:146)
	at org.springframework.boot.SpringApplication.refresh(SpringApplication.java:733)
	at org.springframework.boot.SpringApplication.refreshContext(SpringApplication.java:435)
	at org.springframework.boot.SpringApplication.run(SpringApplication.java:311)
	at org.springframework.boot.SpringApplication.run(SpringApplication.java:1305)
	at org.springframework.boot.SpringApplication.run(SpringApplication.java:1294)
	at com.example.tgcloud.TgcloudApplication.main(TgcloudApplication.java:9)
Caused by: java.net.ConnectException: Connection refused
	at java.base/sun.nio.ch.Net.pollConnect(Native Method)
	at java.base/sun.nio.ch.Net.pollConnectNow(Net.java:682)
	at java.base/sun.nio.ch.NioSocketImpl.timedFinishConnect(NioSocketImpl.java:542)
	at java.base/sun.nio.ch.NioSocketImpl.connect(NioSocketImpl.java:592)
	at java.base/java.net.SocksSocketImpl.connect(SocksSocketImpl.java:327)
	at java.base/java.net.Socket.connect(Socket.java:751)
	at org.postgresql.core.PGStream.createSocket(PGStream.java:243)
	at org.postgresql.core.PGStream.<init>(PGStream.java:98)
	at org.postgresql.core.v3.ConnectionFactoryImpl.tryConnect(ConnectionFactoryImpl.java:132)
	at org.postgresql.core.v3.ConnectionFactoryImpl.openConnectionImpl(ConnectionFactoryImpl.java:258)
	... 48 common frames omitted
16 Mar 2025 - 14:14:41.614 - o.h.e.j.e.i.JdbcEnvironmentInitiator -  WARN  - HHH000342: Could not obtain connection to query metadata
org.postgresql.util.PSQLException: Connection to localhost:5434 refused. Check that the hostname and port are correct and that the postmaster is accepting TCP/IP connections.
	at org.postgresql.core.v3.ConnectionFactoryImpl.openConnectionImpl(ConnectionFactoryImpl.java:342)
	at org.postgresql.core.ConnectionFactory.openConnection(ConnectionFactory.java:54)
	at org.postgresql.jdbc.PgConnection.<init>(PgConnection.java:263)
	at org.postgresql.Driver.makeConnection(Driver.java:443)
	at org.postgresql.Driver.connect(Driver.java:297)
	at com.zaxxer.hikari.util.DriverDataSource.getConnection(DriverDataSource.java:138)
	at com.zaxxer.hikari.pool.PoolBase.newConnection(PoolBase.java:359)
	at com.zaxxer.hikari.pool.PoolBase.newPoolEntry(PoolBase.java:201)
	at com.zaxxer.hikari.pool.HikariPool.createPoolEntry(HikariPool.java:470)
	at com.zaxxer.hikari.pool.HikariPool.checkFailFast(HikariPool.java:561)
	at com.zaxxer.hikari.pool.HikariPool.<init>(HikariPool.java:100)
	at com.zaxxer.hikari.HikariDataSource.getConnection(HikariDataSource.java:112)
	at org.hibernate.engine.jdbc.connections.internal.DatasourceConnectionProviderImpl.getConnection(DatasourceConnectionProviderImpl.java:122)
	at org.hibernate.engine.jdbc.env.internal.JdbcEnvironmentInitiator$ConnectionProviderJdbcConnectionAccess.obtainConnection(JdbcEnvironmentInitiator.java:316)
	at org.hibernate.engine.jdbc.env.internal.JdbcEnvironmentInitiator.initiateService(JdbcEnvironmentInitiator.java:152)
	at org.hibernate.engine.jdbc.env.internal.JdbcEnvironmentInitiator.initiateService(JdbcEnvironmentInitiator.java:34)
	at org.hibernate.boot.registry.internal.StandardServiceRegistryImpl.initiateService(StandardServiceRegistryImpl.java:119)
	at org.hibernate.service.internal.AbstractServiceRegistryImpl.createService(AbstractServiceRegistryImpl.java:264)
	at org.hibernate.service.internal.AbstractServiceRegistryImpl.initializeService(AbstractServiceRegistryImpl.java:239)
	at org.hibernate.service.internal.AbstractServiceRegistryImpl.getService(AbstractServiceRegistryImpl.java:216)
	at org.hibernate.boot.model.relational.Database.<init>(Database.java:45)
	at org.hibernate.boot.internal.InFlightMetadataCollectorImpl.getDatabase(InFlightMetadataCollectorImpl.java:229)
	at org.hibernate.boot.internal.InFlightMetadataCollectorImpl.<init>(InFlightMetadataCollectorImpl.java:197)
	at org.hibernate.boot.model.process.spi.MetadataBuildingProcess.complete(MetadataBuildingProcess.java:166)
	at org.hibernate.jpa.boot.internal.EntityManagerFactoryBuilderImpl.metadata(EntityManagerFactoryBuilderImpl.java:1380)
	at org.hibernate.jpa.boot.internal.EntityManagerFactoryBuilderImpl.build(EntityManagerFactoryBuilderImpl.java:1451)
	at org.springframework.orm.jpa.vendor.SpringHibernateJpaPersistenceProvider.createContainerEntityManagerFactory(SpringHibernateJpaPersistenceProvider.java:66)
	at org.springframework.orm.jpa.LocalContainerEntityManagerFactoryBean.createNativeEntityManagerFactory(LocalContainerEntityManagerFactoryBean.java:376)
	at org.springframework.orm.jpa.AbstractEntityManagerFactoryBean.buildNativeEntityManagerFactory(AbstractEntityManagerFactoryBean.java:409)
	at org.springframework.orm.jpa.AbstractEntityManagerFactoryBean.afterPropertiesSet(AbstractEntityManagerFactoryBean.java:396)
	at org.springframework.orm.jpa.LocalContainerEntityManagerFactoryBean.afterPropertiesSet(LocalContainerEntityManagerFactoryBean.java:352)
	at org.springframework.beans.factory.support.AbstractAutowireCapableBeanFactory.invokeInitMethods(AbstractAutowireCapableBeanFactory.java:1816)
	at org.springframework.beans.factory.support.AbstractAutowireCapableBeanFactory.initializeBean(AbstractAutowireCapableBeanFactory.java:1766)
	at org.springframework.beans.factory.support.AbstractAutowireCapableBeanFactory.doCreateBean(AbstractAutowireCapableBeanFactory.java:598)
	at org.springframework.beans.factory.support.AbstractAutowireCapableBeanFactory.createBean(AbstractAutowireCapableBeanFactory.java:520)
	at org.springframework.beans.factory.support.AbstractBeanFactory.lambda$doGetBean$0(AbstractBeanFactory.java:326)
	at org.springframework.beans.factory.support.DefaultSingletonBeanRegistry.getSingleton(DefaultSingletonBeanRegistry.java:234)
	at org.springframework.beans.factory.support.AbstractBeanFactory.doGetBean(AbstractBeanFactory.java:324)
	at org.springframework.beans.factory.support.AbstractBeanFactory.getBean(AbstractBeanFactory.java:200)
	at org.springframework.context.support.AbstractApplicationContext.getBean(AbstractApplicationContext.java:1156)
	at org.springframework.context.support.AbstractApplicationContext.finishBeanFactoryInitialization(AbstractApplicationContext.java:931)
	at org.springframework.context.support.AbstractApplicationContext.refresh(AbstractApplicationContext.java:608)
	at org.springframework.boot.web.servlet.context.ServletWebServerApplicationContext.refresh(ServletWebServerApplicationContext.java:146)
	at org.springframework.boot.SpringApplication.refresh(SpringApplication.java:733)
	at org.springframework.boot.SpringApplication.refreshContext(SpringApplication.java:435)
	at org.springframework.boot.SpringApplication.run(SpringApplication.java:311)
	at org.springframework.boot.SpringApplication.run(SpringApplication.java:1305)
	at org.springframework.boot.SpringApplication.run(SpringApplication.java:1294)
	at com.example.tgcloud.TgcloudApplication.main(TgcloudApplication.java:9)
Caused by: java.net.ConnectException: Connection refused
	at java.base/sun.nio.ch.Net.pollConnect(Native Method)
	at java.base/sun.nio.ch.Net.pollConnectNow(Net.java:682)
	at java.base/sun.nio.ch.NioSocketImpl.timedFinishConnect(NioSocketImpl.java:542)
	at java.base/sun.nio.ch.NioSocketImpl.connect(NioSocketImpl.java:592)
	at java.base/java.net.SocksSocketImpl.connect(SocksSocketImpl.java:327)
	at java.base/java.net.Socket.connect(Socket.java:751)
	at org.postgresql.core.PGStream.createSocket(PGStream.java:243)
	at org.postgresql.core.PGStream.<init>(PGStream.java:98)
	at org.postgresql.core.v3.ConnectionFactoryImpl.tryConnect(ConnectionFactoryImpl.java:132)
	at org.postgresql.core.v3.ConnectionFactoryImpl.openConnectionImpl(ConnectionFactoryImpl.java:258)
	... 48 common frames omitted
16 Mar 2025 - 14:14:41.616 - o.s.o.j.LocalContainerEntityManagerFactoryBean -  ERROR - Failed to initialize JPA EntityManagerFactory: Unable to create requested service [org.hibernate.engine.jdbc.env.spi.JdbcEnvironment] due to: Unable to determine Dialect without JDBC metadata (please set 'javax.persistence.jdbc.url', 'hibernate.connection.url', or 'hibernate.dialect')
16 Mar 2025 - 14:14:41.617 - o.s.b.w.s.c.AnnotationConfigServletWebServerApplicationContext -  WARN  - Exception encountered during context initialization - cancelling refresh attempt: org.springframework.beans.factory.BeanCreationException: Error creating bean with name 'entityManagerFactory' defined in class path resource [org/springframework/boot/autoconfigure/orm/jpa/HibernateJpaConfiguration.class]: Unable to create requested service [org.hibernate.engine.jdbc.env.spi.JdbcEnvironment] due to: Unable to determine Dialect without JDBC metadata (please set 'javax.persistence.jdbc.url', 'hibernate.connection.url', or 'hibernate.dialect')
16 Mar 2025 - 14:14:41.621 - o.a.catalina.core.StandardService -  INFO  - Stopping service [Tomcat]
16 Mar 2025 - 14:14:41.645 - o.s.b.a.l.ConditionEvaluationReportLogger -  INFO  - 

Error starting ApplicationContext. To display the condition evaluation report re-run your application with 'debug' enabled.
16 Mar 2025 - 14:14:41.669 - o.s.boot.SpringApplication -  ERROR - Application run failed
org.springframework.beans.factory.BeanCreationException: Error creating bean with name 'entityManagerFactory' defined in class path resource [org/springframework/boot/autoconfigure/orm/jpa/HibernateJpaConfiguration.class]: Unable to create requested service [org.hibernate.engine.jdbc.env.spi.JdbcEnvironment] due to: Unable to determine Dialect without JDBC metadata (please set 'javax.persistence.jdbc.url', 'hibernate.connection.url', or 'hibernate.dialect')
	at org.springframework.beans.factory.support.AbstractAutowireCapableBeanFactory.initializeBean(AbstractAutowireCapableBeanFactory.java:1770)
	at org.springframework.beans.factory.support.AbstractAutowireCapableBeanFactory.doCreateBean(AbstractAutowireCapableBeanFactory.java:598)
	at org.springframework.beans.factory.support.AbstractAutowireCapableBeanFactory.createBean(AbstractAutowireCapableBeanFactory.java:520)
	at org.springframework.beans.factory.support.AbstractBeanFactory.lambda$doGetBean$0(AbstractBeanFactory.java:326)
	at org.springframework.beans.factory.support.DefaultSingletonBeanRegistry.getSingleton(DefaultSingletonBeanRegistry.java:234)
	at org.springframework.beans.factory.support.AbstractBeanFactory.doGetBean(AbstractBeanFactory.java:324)
	at org.springframework.beans.factory.support.AbstractBeanFactory.getBean(AbstractBeanFactory.java:200)
	at org.springframework.context.support.AbstractApplicationContext.getBean(AbstractApplicationContext.java:1156)
	at org.springframework.context.support.AbstractApplicationContext.finishBeanFactoryInitialization(AbstractApplicationContext.java:931)
	at org.springframework.context.support.AbstractApplicationContext.refresh(AbstractApplicationContext.java:608)
	at org.springframework.boot.web.servlet.context.ServletWebServerApplicationContext.refresh(ServletWebServerApplicationContext.java:146)
	at org.springframework.boot.SpringApplication.refresh(SpringApplication.java:733)
	at org.springframework.boot.SpringApplication.refreshContext(SpringApplication.java:435)
	at org.springframework.boot.SpringApplication.run(SpringApplication.java:311)
	at org.springframework.boot.SpringApplication.run(SpringApplication.java:1305)
	at org.springframework.boot.SpringApplication.run(SpringApplication.java:1294)
	at com.example.tgcloud.TgcloudApplication.main(TgcloudApplication.java:9)
Caused by: org.hibernate.service.spi.ServiceException: Unable to create requested service [org.hibernate.engine.jdbc.env.spi.JdbcEnvironment] due to: Unable to determine Dialect without JDBC metadata (please set 'javax.persistence.jdbc.url', 'hibernate.connection.url', or 'hibernate.dialect')
	at org.hibernate.service.internal.AbstractServiceRegistryImpl.createService(AbstractServiceRegistryImpl.java:277)
	at org.hibernate.service.internal.AbstractServiceRegistryImpl.initializeService(AbstractServiceRegistryImpl.java:239)
	at org.hibernate.service.internal.AbstractServiceRegistryImpl.getService(AbstractServiceRegistryImpl.java:216)
	at org.hibernate.boot.model.relational.Database.<init>(Database.java:45)
	at org.hibernate.boot.internal.InFlightMetadataCollectorImpl.getDatabase(InFlightMetadataCollectorImpl.java:229)
	at org.hibernate.boot.internal.InFlightMetadataCollectorImpl.<init>(InFlightMetadataCollectorImpl.java:197)
	at org.hibernate.boot.model.process.spi.MetadataBuildingProcess.complete(MetadataBuildingProcess.java:166)
	at org.hibernate.jpa.boot.internal.EntityManagerFactoryBuilderImpl.metadata(EntityManagerFactoryBuilderImpl.java:1380)
	at org.hibernate.jpa.boot.internal.EntityManagerFactoryBuilderImpl.build(EntityManagerFactoryBuilderImpl.java:1451)
	at org.springframework.orm.jpa.vendor.SpringHibernateJpaPersistenceProvider.createContainerEntityManagerFactory(SpringHibernateJpaPersistenceProvider.java:66)
	at org.springframework.orm.jpa.LocalContainerEntityManagerFactoryBean.createNativeEntityManagerFactory(LocalContainerEntityManagerFactoryBean.java:376)
	at org.springframework.orm.jpa.AbstractEntityManagerFactoryBean.buildNativeEntityManagerFactory(AbstractEntityManagerFactoryBean.java:409)
	at org.springframework.orm.jpa.AbstractEntityManagerFactoryBean.afterPropertiesSet(AbstractEntityManagerFactoryBean.java:396)
	at org.springframework.orm.jpa.LocalContainerEntityManagerFactoryBean.afterPropertiesSet(LocalContainerEntityManagerFactoryBean.java:352)
	at org.springframework.beans.factory.support.AbstractAutowireCapableBeanFactory.invokeInitMethods(AbstractAutowireCapableBeanFactory.java:1816)
	at org.springframework.beans.factory.support.AbstractAutowireCapableBeanFactory.initializeBean(AbstractAutowireCapableBeanFactory.java:1766)
	... 16 common frames omitted
Caused by: org.hibernate.HibernateException: Unable to determine Dialect without JDBC metadata (please set 'javax.persistence.jdbc.url', 'hibernate.connection.url', or 'hibernate.dialect')
	at org.hibernate.engine.jdbc.dialect.internal.DialectFactoryImpl.determineDialect(DialectFactoryImpl.java:188)
	at org.hibernate.engine.jdbc.dialect.internal.DialectFactoryImpl.buildDialect(DialectFactoryImpl.java:87)
	at org.hibernate.engine.jdbc.env.internal.JdbcEnvironmentInitiator.initiateService(JdbcEnvironmentInitiator.java:274)
	at org.hibernate.engine.jdbc.env.internal.JdbcEnvironmentInitiator.initiateService(JdbcEnvironmentInitiator.java:34)
	at org.hibernate.boot.registry.internal.StandardServiceRegistryImpl.initiateService(StandardServiceRegistryImpl.java:119)
	at org.hibernate.service.internal.AbstractServiceRegistryImpl.createService(AbstractServiceRegistryImpl.java:264)
	... 31 common frames omitted
16 Mar 2025 - 14:15:06.305 - c.example.tgcloud.TgcloudApplication -  INFO  - Starting TgcloudApplication using Java 21.0.5 with PID 2200776 (/home/elmurod/IdeaProjects/telegramcloud/target/classes started by elmurod in /home/elmurod/IdeaProjects/telegramcloud)
16 Mar 2025 - 14:15:06.328 - c.example.tgcloud.TgcloudApplication -  INFO  - No active profile set, falling back to 1 default profile: "default"
16 Mar 2025 - 14:15:07.596 - o.s.d.r.c.RepositoryConfigurationDelegate -  INFO  - Bootstrapping Spring Data JPA repositories in DEFAULT mode.
16 Mar 2025 - 14:15:07.692 - o.s.d.r.c.RepositoryConfigurationDelegate -  INFO  - Finished Spring Data repository scanning in 85 ms. Found 2 JPA repository interfaces.
16 Mar 2025 - 14:15:08.571 - o.s.b.w.e.tomcat.TomcatWebServer -  INFO  - Tomcat initialized with port(s): 8081 (http)
16 Mar 2025 - 14:15:08.586 - o.a.catalina.core.StandardService -  INFO  - Starting service [Tomcat]
16 Mar 2025 - 14:15:08.588 - o.a.catalina.core.StandardEngine -  INFO  - Starting Servlet engine: [Apache Tomcat/10.1.8]
16 Mar 2025 - 14:15:08.744 - o.a.c.c.C.[Tomcat].[localhost].[/] -  INFO  - Initializing Spring embedded WebApplicationContext
16 Mar 2025 - 14:15:08.745 - o.s.b.w.s.c.ServletWebServerApplicationContext -  INFO  - Root WebApplicationContext: initialization completed in 2348 ms
16 Mar 2025 - 14:15:08.950 - o.h.jpa.internal.util.LogHelper -  INFO  - HHH000204: Processing PersistenceUnitInfo [name: default]
16 Mar 2025 - 14:15:09.021 - org.hibernate.Version -  INFO  - HHH000412: Hibernate ORM core version 6.2.2.Final
16 Mar 2025 - 14:15:09.024 - org.hibernate.cfg.Environment -  INFO  - HHH000406: Using bytecode reflection optimizer
16 Mar 2025 - 14:15:09.169 - o.h.b.i.BytecodeProviderInitiator -  INFO  - HHH000021: Bytecode provider name : bytebuddy
16 Mar 2025 - 14:15:09.342 - o.s.o.j.p.SpringPersistenceUnitInfo -  INFO  - No LoadTimeWeaver setup: ignoring JPA class transformer
16 Mar 2025 - 14:15:09.358 - com.zaxxer.hikari.HikariDataSource -  INFO  - HikariPool-1 - Starting...
16 Mar 2025 - 14:15:09.701 - com.zaxxer.hikari.pool.HikariPool -  INFO  - HikariPool-1 - Added connection org.postgresql.jdbc.PgConnection@60b616c8
16 Mar 2025 - 14:15:09.703 - com.zaxxer.hikari.HikariDataSource -  INFO  - HikariPool-1 - Start completed.
16 Mar 2025 - 14:15:09.806 - org.hibernate.orm.dialect -  INFO  - HHH035001: Using dialect: org.hibernate.dialect.PostgreSQLDialect, version: org.hibernate.engine.jdbc.env.internal.JdbcEnvironmentInitiator$DialectResolutionInfoImpl@11bfffb3
16 Mar 2025 - 14:15:10.153 - o.h.b.i.BytecodeProviderInitiator -  INFO  - HHH000021: Bytecode provider name : bytebuddy
16 Mar 2025 - 14:15:11.038 - o.h.e.t.j.p.i.JtaPlatformInitiator -  INFO  - HHH000490: Using JtaPlatform implementation: [org.hibernate.engine.transaction.jta.platform.internal.NoJtaPlatform]
16 Mar 2025 - 14:15:11.292 - o.s.o.j.LocalContainerEntityManagerFactoryBean -  INFO  - Initialized JPA EntityManagerFactory for persistence unit 'default'
16 Mar 2025 - 14:15:11.711 - o.s.d.j.r.query.QueryEnhancerFactory -  INFO  - Hibernate is in classpath; If applicable, HQL parser will be used.
16 Mar 2025 - 14:15:12.371 - o.s.b.w.s.c.AnnotationConfigServletWebServerApplicationContext -  WARN  - Exception encountered during context initialization - cancelling refresh attempt: org.springframework.beans.factory.UnsatisfiedDependencyException: Error creating bean with name 'myTelegramBot' defined in file [/home/elmurod/IdeaProjects/telegramcloud/target/classes/com/example/tgcloud/MyTelegramBot.class]: Unsatisfied dependency expressed through constructor parameter 1: Error creating bean with name 'callBackQueryController' defined in file [/home/elmurod/IdeaProjects/telegramcloud/target/classes/com/example/tgcloud/controller/CallBackQueryController.class]: Unsatisfied dependency expressed through constructor parameter 0: Error creating bean with name 'userService' defined in file [/home/elmurod/IdeaProjects/telegramcloud/target/classes/com/example/tgcloud/service/UserService.class]: Unsatisfied dependency expressed through constructor parameter 2: Error creating bean with name 'documentService' defined in file [/home/elmurod/IdeaProjects/telegramcloud/target/classes/com/example/tgcloud/service/DocumentService.class]: Unsatisfied dependency expressed through constructor parameter 2: Error creating bean with name 'userService': Requested bean is currently in creation: Is there an unresolvable circular reference?
16 Mar 2025 - 14:15:12.371 - o.s.o.j.LocalContainerEntityManagerFactoryBean -  INFO  - Closing JPA EntityManagerFactory for persistence unit 'default'
16 Mar 2025 - 14:15:12.373 - com.zaxxer.hikari.HikariDataSource -  INFO  - HikariPool-1 - Shutdown initiated...
16 Mar 2025 - 14:15:12.376 - com.zaxxer.hikari.HikariDataSource -  INFO  - HikariPool-1 - Shutdown completed.
16 Mar 2025 - 14:15:12.378 - o.a.catalina.core.StandardService -  INFO  - Stopping service [Tomcat]
16 Mar 2025 - 14:15:12.390 - o.s.b.a.l.ConditionEvaluationReportLogger -  INFO  - 

Error starting ApplicationContext. To display the condition evaluation report re-run your application with 'debug' enabled.
16 Mar 2025 - 14:15:12.406 - o.s.b.d.LoggingFailureAnalysisReporter -  ERROR - 

***************************
APPLICATION FAILED TO START
***************************

Description:

The dependencies of some of the beans in the application context form a cycle:

   myTelegramBot defined in file [/home/elmurod/IdeaProjects/telegramcloud/target/classes/com/example/tgcloud/MyTelegramBot.class]
      ↓
   callBackQueryController defined in file [/home/elmurod/IdeaProjects/telegramcloud/target/classes/com/example/tgcloud/controller/CallBackQueryController.class]
┌─────┐
|  userService defined in file [/home/elmurod/IdeaProjects/telegramcloud/target/classes/com/example/tgcloud/service/UserService.class]
↑     ↓
|  documentService defined in file [/home/elmurod/IdeaProjects/telegramcloud/target/classes/com/example/tgcloud/service/DocumentService.class]
└─────┘


Action:

Relying upon circular references is discouraged and they are prohibited by default. Update your application to remove the dependency cycle between beans. As a last resort, it may be possible to break the cycle automatically by setting spring.main.allow-circular-references to true.

16 Mar 2025 - 14:15:58.690 - c.example.tgcloud.TgcloudApplication -  INFO  - Starting TgcloudApplication using Java 21.0.5 with PID 2205050 (/home/elmurod/IdeaProjects/telegramcloud/target/classes started by elmurod in /home/elmurod/IdeaProjects/telegramcloud)
16 Mar 2025 - 14:15:58.704 - c.example.tgcloud.TgcloudApplication -  INFO  - No active profile set, falling back to 1 default profile: "default"
16 Mar 2025 - 14:15:59.222 - o.s.d.r.c.RepositoryConfigurationDelegate -  INFO  - Bootstrapping Spring Data JPA repositories in DEFAULT mode.
16 Mar 2025 - 14:15:59.268 - o.s.d.r.c.RepositoryConfigurationDelegate -  INFO  - Finished Spring Data repository scanning in 40 ms. Found 2 JPA repository interfaces.
16 Mar 2025 - 14:15:59.663 - o.s.b.w.e.tomcat.TomcatWebServer -  INFO  - Tomcat initialized with port(s): 8081 (http)
16 Mar 2025 - 14:15:59.671 - o.a.catalina.core.StandardService -  INFO  - Starting service [Tomcat]
16 Mar 2025 - 14:15:59.671 - o.a.catalina.core.StandardEngine -  INFO  - Starting Servlet engine: [Apache Tomcat/10.1.8]
16 Mar 2025 - 14:15:59.733 - o.a.c.c.C.[Tomcat].[localhost].[/] -  INFO  - Initializing Spring embedded WebApplicationContext
16 Mar 2025 - 14:15:59.733 - o.s.b.w.s.c.ServletWebServerApplicationContext -  INFO  - Root WebApplicationContext: initialization completed in 986 ms
16 Mar 2025 - 14:15:59.852 - o.h.jpa.internal.util.LogHelper -  INFO  - HHH000204: Processing PersistenceUnitInfo [name: default]
16 Mar 2025 - 14:15:59.890 - org.hibernate.Version -  INFO  - HHH000412: Hibernate ORM core version 6.2.2.Final
16 Mar 2025 - 14:15:59.892 - org.hibernate.cfg.Environment -  INFO  - HHH000406: Using bytecode reflection optimizer
16 Mar 2025 - 14:15:59.980 - o.h.b.i.BytecodeProviderInitiator -  INFO  - HHH000021: Bytecode provider name : bytebuddy
16 Mar 2025 - 14:16:00.073 - o.s.o.j.p.SpringPersistenceUnitInfo -  INFO  - No LoadTimeWeaver setup: ignoring JPA class transformer
16 Mar 2025 - 14:16:00.085 - com.zaxxer.hikari.HikariDataSource -  INFO  - HikariPool-1 - Starting...
16 Mar 2025 - 14:16:00.219 - com.zaxxer.hikari.pool.HikariPool -  INFO  - HikariPool-1 - Added connection org.postgresql.jdbc.PgConnection@2bdab835
16 Mar 2025 - 14:16:00.220 - com.zaxxer.hikari.HikariDataSource -  INFO  - HikariPool-1 - Start completed.
16 Mar 2025 - 14:16:00.257 - org.hibernate.orm.dialect -  INFO  - HHH035001: Using dialect: org.hibernate.dialect.PostgreSQLDialect, version: org.hibernate.engine.jdbc.env.internal.JdbcEnvironmentInitiator$DialectResolutionInfoImpl@76e6c070
16 Mar 2025 - 14:16:00.442 - o.h.b.i.BytecodeProviderInitiator -  INFO  - HHH000021: Bytecode provider name : bytebuddy
16 Mar 2025 - 14:16:01.000 - o.h.e.t.j.p.i.JtaPlatformInitiator -  INFO  - HHH000490: Using JtaPlatform implementation: [org.hibernate.engine.transaction.jta.platform.internal.NoJtaPlatform]
16 Mar 2025 - 14:16:01.092 - o.s.o.j.LocalContainerEntityManagerFactoryBean -  INFO  - Initialized JPA EntityManagerFactory for persistence unit 'default'
16 Mar 2025 - 14:16:01.296 - o.s.d.j.r.query.QueryEnhancerFactory -  INFO  - Hibernate is in classpath; If applicable, HQL parser will be used.
16 Mar 2025 - 14:16:01.727 - o.s.b.w.s.c.AnnotationConfigServletWebServerApplicationContext -  WARN  - Exception encountered during context initialization - cancelling refresh attempt: org.springframework.beans.factory.UnsatisfiedDependencyException: Error creating bean with name 'myTelegramBot' defined in file [/home/elmurod/IdeaProjects/telegramcloud/target/classes/com/example/tgcloud/MyTelegramBot.class]: Unsatisfied dependency expressed through constructor parameter 1: Error creating bean with name 'callBackQueryController' defined in file [/home/elmurod/IdeaProjects/telegramcloud/target/classes/com/example/tgcloud/controller/CallBackQueryController.class]: Unsatisfied dependency expressed through constructor parameter 0: Error creating bean with name 'userService' defined in file [/home/elmurod/IdeaProjects/telegramcloud/target/classes/com/example/tgcloud/service/UserService.class]: Unsatisfied dependency expressed through constructor parameter 2: Error creating bean with name 'documentService' defined in file [/home/elmurod/IdeaProjects/telegramcloud/target/classes/com/example/tgcloud/service/DocumentService.class]: Unsatisfied dependency expressed through constructor parameter 3: Error creating bean with name 'messageUtil' defined in file [/home/elmurod/IdeaProjects/telegramcloud/target/classes/com/example/tgcloud/util/MessageUtil.class]: Unsatisfied dependency expressed through constructor parameter 0: Error creating bean with name 'myTelegramBot': Requested bean is currently in creation: Is there an unresolvable circular reference?
16 Mar 2025 - 14:16:01.728 - o.s.o.j.LocalContainerEntityManagerFactoryBean -  INFO  - Closing JPA EntityManagerFactory for persistence unit 'default'
16 Mar 2025 - 14:16:01.729 - com.zaxxer.hikari.HikariDataSource -  INFO  - HikariPool-1 - Shutdown initiated...
16 Mar 2025 - 14:16:01.731 - com.zaxxer.hikari.HikariDataSource -  INFO  - HikariPool-1 - Shutdown completed.
16 Mar 2025 - 14:16:01.734 - o.a.catalina.core.StandardService -  INFO  - Stopping service [Tomcat]
16 Mar 2025 - 14:16:01.744 - o.s.b.a.l.ConditionEvaluationReportLogger -  INFO  - 

Error starting ApplicationContext. To display the condition evaluation report re-run your application with 'debug' enabled.
16 Mar 2025 - 14:16:01.761 - o.s.b.d.LoggingFailureAnalysisReporter -  ERROR - 

***************************
APPLICATION FAILED TO START
***************************

Description:

The dependencies of some of the beans in the application context form a cycle:

┌─────┐
|  myTelegramBot defined in file [/home/elmurod/IdeaProjects/telegramcloud/target/classes/com/example/tgcloud/MyTelegramBot.class]
↑     ↓
|  callBackQueryController defined in file [/home/elmurod/IdeaProjects/telegramcloud/target/classes/com/example/tgcloud/controller/CallBackQueryController.class]
↑     ↓
|  userService defined in file [/home/elmurod/IdeaProjects/telegramcloud/target/classes/com/example/tgcloud/service/UserService.class]
↑     ↓
|  documentService defined in file [/home/elmurod/IdeaProjects/telegramcloud/target/classes/com/example/tgcloud/service/DocumentService.class]
↑     ↓
|  messageUtil defined in file [/home/elmurod/IdeaProjects/telegramcloud/target/classes/com/example/tgcloud/util/MessageUtil.class]
└─────┘


Action:

Relying upon circular references is discouraged and they are prohibited by default. Update your application to remove the dependency cycle between beans. As a last resort, it may be possible to break the cycle automatically by setting spring.main.allow-circular-references to true.

16 Mar 2025 - 14:17:04.879 - c.example.tgcloud.TgcloudApplication -  INFO  - Starting TgcloudApplication using Java 21.0.5 with PID 2210635 (/home/elmurod/IdeaProjects/telegramcloud/target/classes started by elmurod in /home/elmurod/IdeaProjects/telegramcloud)
16 Mar 2025 - 14:17:04.892 - c.example.tgcloud.TgcloudApplication -  INFO  - No active profile set, falling back to 1 default profile: "default"
16 Mar 2025 - 14:17:05.407 - o.s.d.r.c.RepositoryConfigurationDelegate -  INFO  - Bootstrapping Spring Data JPA repositories in DEFAULT mode.
16 Mar 2025 - 14:17:05.452 - o.s.d.r.c.RepositoryConfigurationDelegate -  INFO  - Finished Spring Data repository scanning in 40 ms. Found 2 JPA repository interfaces.
16 Mar 2025 - 14:17:05.955 - o.s.b.w.e.tomcat.TomcatWebServer -  INFO  - Tomcat initialized with port(s): 8081 (http)
16 Mar 2025 - 14:17:05.963 - o.a.catalina.core.StandardService -  INFO  - Starting service [Tomcat]
16 Mar 2025 - 14:17:05.963 - o.a.catalina.core.StandardEngine -  INFO  - Starting Servlet engine: [Apache Tomcat/10.1.8]
16 Mar 2025 - 14:17:06.023 - o.a.c.c.C.[Tomcat].[localhost].[/] -  INFO  - Initializing Spring embedded WebApplicationContext
16 Mar 2025 - 14:17:06.024 - o.s.b.w.s.c.ServletWebServerApplicationContext -  INFO  - Root WebApplicationContext: initialization completed in 1086 ms
16 Mar 2025 - 14:17:06.145 - o.h.jpa.internal.util.LogHelper -  INFO  - HHH000204: Processing PersistenceUnitInfo [name: default]
16 Mar 2025 - 14:17:06.186 - org.hibernate.Version -  INFO  - HHH000412: Hibernate ORM core version 6.2.2.Final
16 Mar 2025 - 14:17:06.190 - org.hibernate.cfg.Environment -  INFO  - HHH000406: Using bytecode reflection optimizer
16 Mar 2025 - 14:17:06.287 - o.h.b.i.BytecodeProviderInitiator -  INFO  - HHH000021: Bytecode provider name : bytebuddy
16 Mar 2025 - 14:17:06.385 - o.s.o.j.p.SpringPersistenceUnitInfo -  INFO  - No LoadTimeWeaver setup: ignoring JPA class transformer
16 Mar 2025 - 14:17:06.400 - com.zaxxer.hikari.HikariDataSource -  INFO  - HikariPool-1 - Starting...
16 Mar 2025 - 14:17:06.545 - com.zaxxer.hikari.pool.HikariPool -  INFO  - HikariPool-1 - Added connection org.postgresql.jdbc.PgConnection@71369e1a
16 Mar 2025 - 14:17:06.546 - com.zaxxer.hikari.HikariDataSource -  INFO  - HikariPool-1 - Start completed.
16 Mar 2025 - 14:17:06.590 - org.hibernate.orm.dialect -  INFO  - HHH035001: Using dialect: org.hibernate.dialect.PostgreSQLDialect, version: org.hibernate.engine.jdbc.env.internal.JdbcEnvironmentInitiator$DialectResolutionInfoImpl@7404ddca
16 Mar 2025 - 14:17:06.763 - o.h.b.i.BytecodeProviderInitiator -  INFO  - HHH000021: Bytecode provider name : bytebuddy
16 Mar 2025 - 14:17:07.275 - o.h.e.t.j.p.i.JtaPlatformInitiator -  INFO  - HHH000490: Using JtaPlatform implementation: [org.hibernate.engine.transaction.jta.platform.internal.NoJtaPlatform]
16 Mar 2025 - 14:17:07.369 - o.s.o.j.LocalContainerEntityManagerFactoryBean -  INFO  - Initialized JPA EntityManagerFactory for persistence unit 'default'
16 Mar 2025 - 14:17:07.557 - o.s.b.w.s.c.AnnotationConfigServletWebServerApplicationContext -  WARN  - Exception encountered during context initialization - cancelling refresh attempt: org.springframework.beans.factory.BeanCreationException: Error creating bean with name 'myTelegramBot' defined in file [/home/elmurod/IdeaProjects/telegramcloud/target/classes/com/example/tgcloud/MyTelegramBot.class]: Failed to instantiate [com.example.tgcloud.MyTelegramBot]: Constructor threw exception
16 Mar 2025 - 14:17:07.557 - o.s.o.j.LocalContainerEntityManagerFactoryBean -  INFO  - Closing JPA EntityManagerFactory for persistence unit 'default'
16 Mar 2025 - 14:17:07.560 - com.zaxxer.hikari.HikariDataSource -  INFO  - HikariPool-1 - Shutdown initiated...
16 Mar 2025 - 14:17:07.562 - com.zaxxer.hikari.HikariDataSource -  INFO  - HikariPool-1 - Shutdown completed.
16 Mar 2025 - 14:17:07.564 - o.a.catalina.core.StandardService -  INFO  - Stopping service [Tomcat]
16 Mar 2025 - 14:17:07.576 - o.s.b.a.l.ConditionEvaluationReportLogger -  INFO  - 

Error starting ApplicationContext. To display the condition evaluation report re-run your application with 'debug' enabled.
16 Mar 2025 - 14:17:07.588 - o.s.boot.SpringApplication -  ERROR - Application run failed
org.springframework.beans.factory.BeanCreationException: Error creating bean with name 'myTelegramBot' defined in file [/home/elmurod/IdeaProjects/telegramcloud/target/classes/com/example/tgcloud/MyTelegramBot.class]: Failed to instantiate [com.example.tgcloud.MyTelegramBot]: Constructor threw exception
	at org.springframework.beans.factory.support.ConstructorResolver.instantiate(ConstructorResolver.java:326)
	at org.springframework.beans.factory.support.ConstructorResolver.autowireConstructor(ConstructorResolver.java:314)
	at org.springframework.beans.factory.support.AbstractAutowireCapableBeanFactory.autowireConstructor(AbstractAutowireCapableBeanFactory.java:1352)
	at org.springframework.beans.factory.support.AbstractAutowireCapableBeanFactory.createBeanInstance(AbstractAutowireCapableBeanFactory.java:1189)
	at org.springframework.beans.factory.support.AbstractAutowireCapableBeanFactory.doCreateBean(AbstractAutowireCapableBeanFactory.java:560)
	at org.springframework.beans.factory.support.AbstractAutowireCapableBeanFactory.createBean(AbstractAutowireCapableBeanFactory.java:520)
	at org.springframework.beans.factory.support.AbstractBeanFactory.lambda$doGetBean$0(AbstractBeanFactory.java:326)
	at org.springframework.beans.factory.support.DefaultSingletonBeanRegistry.getSingleton(DefaultSingletonBeanRegistry.java:234)
	at org.springframework.beans.factory.support.AbstractBeanFactory.doGetBean(AbstractBeanFactory.java:324)
	at org.springframework.beans.factory.support.AbstractBeanFactory.getBean(AbstractBeanFactory.java:200)
	at org.springframework.beans.factory.support.DefaultListableBeanFactory.preInstantiateSingletons(DefaultListableBeanFactory.java:973)
	at org.springframework.context.support.AbstractApplicationContext.finishBeanFactoryInitialization(AbstractApplicationContext.java:941)
	at org.springframework.context.support.AbstractApplicationContext.refresh(AbstractApplicationContext.java:608)
	at org.springframework.boot.web.servlet.context.ServletWebServerApplicationContext.refresh(ServletWebServerApplicationContext.java:146)
	at org.springframework.boot.SpringApplication.refresh(SpringApplication.java:733)
	at org.springframework.boot.SpringApplication.refreshContext(SpringApplication.java:435)
	at org.springframework.boot.SpringApplication.run(SpringApplication.java:311)
	at org.springframework.boot.SpringApplication.run(SpringApplication.java:1305)
	at org.springframework.boot.SpringApplication.run(SpringApplication.java:1294)
	at com.example.tgcloud.TgcloudApplication.main(TgcloudApplication.java:9)
Caused by: org.springframework.beans.BeanInstantiationException: Failed to instantiate [com.example.tgcloud.MyTelegramBot]: Constructor threw exception
	at org.springframework.beans.BeanUtils.instantiateClass(BeanUtils.java:224)
	at org.springframework.beans.factory.support.SimpleInstantiationStrategy.instantiate(SimpleInstantiationStrategy.java:110)
	at org.springframework.beans.factory.support.ConstructorResolver.instantiate(ConstructorResolver.java:323)
	... 19 common frames omitted
Caused by: java.lang.NullPointerException: Cannot invoke "com.example.tgcloud.config.BotConfig.getToken()" because "this.config" is null
	at com.example.tgcloud.MyTelegramBot.getBotToken(MyTelegramBot.java:57)
	at org.telegram.telegrambots.bots.DefaultAbsSender.getBaseUrl(DefaultAbsSender.java:124)
	at org.telegram.telegrambots.bots.DefaultAbsSender.sendMethodRequest(DefaultAbsSender.java:1122)
	at org.telegram.telegrambots.bots.DefaultAbsSender.sendApiMethod(DefaultAbsSender.java:1095)
	at org.telegram.telegrambots.meta.bots.AbsSender.execute(AbsSender.java:64)
	at com.example.tgcloud.MyTelegramBot.<init>(MyTelegramBot.java:40)
	at java.base/jdk.internal.reflect.DirectConstructorHandleAccessor.newInstance(DirectConstructorHandleAccessor.java:62)
	at java.base/java.lang.reflect.Constructor.newInstanceWithCaller(Constructor.java:502)
	at java.base/java.lang.reflect.Constructor.newInstance(Constructor.java:486)
	at org.springframework.beans.BeanUtils.instantiateClass(BeanUtils.java:211)
	... 21 common frames omitted
16 Mar 2025 - 14:17:56.349 - c.example.tgcloud.TgcloudApplication -  INFO  - Starting TgcloudApplication using Java 21.0.5 with PID 2214814 (/home/elmurod/IdeaProjects/telegramcloud/target/classes started by elmurod in /home/elmurod/IdeaProjects/telegramcloud)
16 Mar 2025 - 14:17:56.361 - c.example.tgcloud.TgcloudApplication -  INFO  - No active profile set, falling back to 1 default profile: "default"
16 Mar 2025 - 14:17:56.901 - o.s.d.r.c.RepositoryConfigurationDelegate -  INFO  - Bootstrapping Spring Data JPA repositories in DEFAULT mode.
16 Mar 2025 - 14:17:56.948 - o.s.d.r.c.RepositoryConfigurationDelegate -  INFO  - Finished Spring Data repository scanning in 42 ms. Found 2 JPA repository interfaces.
16 Mar 2025 - 14:17:57.321 - o.s.b.w.e.tomcat.TomcatWebServer -  INFO  - Tomcat initialized with port(s): 8081 (http)
16 Mar 2025 - 14:17:57.329 - o.a.catalina.core.StandardService -  INFO  - Starting service [Tomcat]
16 Mar 2025 - 14:17:57.329 - o.a.catalina.core.StandardEngine -  INFO  - Starting Servlet engine: [Apache Tomcat/10.1.8]
16 Mar 2025 - 14:17:57.395 - o.a.c.c.C.[Tomcat].[localhost].[/] -  INFO  - Initializing Spring embedded WebApplicationContext
16 Mar 2025 - 14:17:57.395 - o.s.b.w.s.c.ServletWebServerApplicationContext -  INFO  - Root WebApplicationContext: initialization completed in 985 ms
16 Mar 2025 - 14:17:57.515 - o.h.jpa.internal.util.LogHelper -  INFO  - HHH000204: Processing PersistenceUnitInfo [name: default]
16 Mar 2025 - 14:17:57.553 - org.hibernate.Version -  INFO  - HHH000412: Hibernate ORM core version 6.2.2.Final
16 Mar 2025 - 14:17:57.555 - org.hibernate.cfg.Environment -  INFO  - HHH000406: Using bytecode reflection optimizer
16 Mar 2025 - 14:17:57.639 - o.h.b.i.BytecodeProviderInitiator -  INFO  - HHH000021: Bytecode provider name : bytebuddy
16 Mar 2025 - 14:17:57.732 - o.s.o.j.p.SpringPersistenceUnitInfo -  INFO  - No LoadTimeWeaver setup: ignoring JPA class transformer
16 Mar 2025 - 14:17:57.744 - com.zaxxer.hikari.HikariDataSource -  INFO  - HikariPool-1 - Starting...
16 Mar 2025 - 14:17:57.873 - com.zaxxer.hikari.pool.HikariPool -  INFO  - HikariPool-1 - Added connection org.postgresql.jdbc.PgConnection@3cf55e0c
16 Mar 2025 - 14:17:57.874 - com.zaxxer.hikari.HikariDataSource -  INFO  - HikariPool-1 - Start completed.
16 Mar 2025 - 14:17:57.932 - org.hibernate.orm.dialect -  INFO  - HHH035001: Using dialect: org.hibernate.dialect.PostgreSQLDialect, version: org.hibernate.engine.jdbc.env.internal.JdbcEnvironmentInitiator$DialectResolutionInfoImpl@615e83ac
16 Mar 2025 - 14:17:58.123 - o.h.b.i.BytecodeProviderInitiator -  INFO  - HHH000021: Bytecode provider name : bytebuddy
16 Mar 2025 - 14:17:58.618 - o.h.e.t.j.p.i.JtaPlatformInitiator -  INFO  - HHH000490: Using JtaPlatform implementation: [org.hibernate.engine.transaction.jta.platform.internal.NoJtaPlatform]
16 Mar 2025 - 14:17:58.755 - o.s.o.j.LocalContainerEntityManagerFactoryBean -  INFO  - Initialized JPA EntityManagerFactory for persistence unit 'default'
16 Mar 2025 - 14:17:59.028 - o.s.b.w.s.c.AnnotationConfigServletWebServerApplicationContext -  WARN  - Exception encountered during context initialization - cancelling refresh attempt: org.springframework.beans.factory.BeanCreationException: Error creating bean with name 'myTelegramBot' defined in file [/home/elmurod/IdeaProjects/telegramcloud/target/classes/com/example/tgcloud/MyTelegramBot.class]: Failed to instantiate [com.example.tgcloud.MyTelegramBot]: Constructor threw exception
16 Mar 2025 - 14:17:59.029 - o.s.o.j.LocalContainerEntityManagerFactoryBean -  INFO  - Closing JPA EntityManagerFactory for persistence unit 'default'
16 Mar 2025 - 14:17:59.031 - com.zaxxer.hikari.HikariDataSource -  INFO  - HikariPool-1 - Shutdown initiated...
16 Mar 2025 - 14:17:59.034 - com.zaxxer.hikari.HikariDataSource -  INFO  - HikariPool-1 - Shutdown completed.
16 Mar 2025 - 14:17:59.035 - o.a.catalina.core.StandardService -  INFO  - Stopping service [Tomcat]
16 Mar 2025 - 14:17:59.047 - o.s.b.a.l.ConditionEvaluationReportLogger -  INFO  - 

Error starting ApplicationContext. To display the condition evaluation report re-run your application with 'debug' enabled.
16 Mar 2025 - 14:17:59.060 - o.s.boot.SpringApplication -  ERROR - Application run failed
org.springframework.beans.factory.BeanCreationException: Error creating bean with name 'myTelegramBot' defined in file [/home/elmurod/IdeaProjects/telegramcloud/target/classes/com/example/tgcloud/MyTelegramBot.class]: Failed to instantiate [com.example.tgcloud.MyTelegramBot]: Constructor threw exception
	at org.springframework.beans.factory.support.ConstructorResolver.instantiate(ConstructorResolver.java:326)
	at org.springframework.beans.factory.support.ConstructorResolver.autowireConstructor(ConstructorResolver.java:314)
	at org.springframework.beans.factory.support.AbstractAutowireCapableBeanFactory.autowireConstructor(AbstractAutowireCapableBeanFactory.java:1352)
	at org.springframework.beans.factory.support.AbstractAutowireCapableBeanFactory.createBeanInstance(AbstractAutowireCapableBeanFactory.java:1189)
	at org.springframework.beans.factory.support.AbstractAutowireCapableBeanFactory.doCreateBean(AbstractAutowireCapableBeanFactory.java:560)
	at org.springframework.beans.factory.support.AbstractAutowireCapableBeanFactory.createBean(AbstractAutowireCapableBeanFactory.java:520)
	at org.springframework.beans.factory.support.AbstractBeanFactory.lambda$doGetBean$0(AbstractBeanFactory.java:326)
	at org.springframework.beans.factory.support.DefaultSingletonBeanRegistry.getSingleton(DefaultSingletonBeanRegistry.java:234)
	at org.springframework.beans.factory.support.AbstractBeanFactory.doGetBean(AbstractBeanFactory.java:324)
	at org.springframework.beans.factory.support.AbstractBeanFactory.getBean(AbstractBeanFactory.java:200)
	at org.springframework.beans.factory.support.DefaultListableBeanFactory.preInstantiateSingletons(DefaultListableBeanFactory.java:973)
	at org.springframework.context.support.AbstractApplicationContext.finishBeanFactoryInitialization(AbstractApplicationContext.java:941)
	at org.springframework.context.support.AbstractApplicationContext.refresh(AbstractApplicationContext.java:608)
	at org.springframework.boot.web.servlet.context.ServletWebServerApplicationContext.refresh(ServletWebServerApplicationContext.java:146)
	at org.springframework.boot.SpringApplication.refresh(SpringApplication.java:733)
	at org.springframework.boot.SpringApplication.refreshContext(SpringApplication.java:435)
	at org.springframework.boot.SpringApplication.run(SpringApplication.java:311)
	at org.springframework.boot.SpringApplication.run(SpringApplication.java:1305)
	at org.springframework.boot.SpringApplication.run(SpringApplication.java:1294)
	at com.example.tgcloud.TgcloudApplication.main(TgcloudApplication.java:9)
Caused by: org.springframework.beans.BeanInstantiationException: Failed to instantiate [com.example.tgcloud.MyTelegramBot]: Constructor threw exception
	at org.springframework.beans.BeanUtils.instantiateClass(BeanUtils.java:224)
	at org.springframework.beans.factory.support.SimpleInstantiationStrategy.instantiate(SimpleInstantiationStrategy.java:110)
	at org.springframework.beans.factory.support.ConstructorResolver.instantiate(ConstructorResolver.java:323)
	... 19 common frames omitted
Caused by: java.lang.NullPointerException: Cannot invoke "com.example.tgcloud.config.BotConfig.getToken()" because "this.config" is null
	at com.example.tgcloud.MyTelegramBot.getBotToken(MyTelegramBot.java:57)
	at org.telegram.telegrambots.bots.DefaultAbsSender.getBaseUrl(DefaultAbsSender.java:124)
	at org.telegram.telegrambots.bots.DefaultAbsSender.sendMethodRequest(DefaultAbsSender.java:1122)
	at org.telegram.telegrambots.bots.DefaultAbsSender.sendApiMethod(DefaultAbsSender.java:1095)
	at org.telegram.telegrambots.meta.bots.AbsSender.execute(AbsSender.java:64)
	at com.example.tgcloud.MyTelegramBot.<init>(MyTelegramBot.java:40)
	at java.base/jdk.internal.reflect.DirectConstructorHandleAccessor.newInstance(DirectConstructorHandleAccessor.java:62)
	at java.base/java.lang.reflect.Constructor.newInstanceWithCaller(Constructor.java:502)
	at java.base/java.lang.reflect.Constructor.newInstance(Constructor.java:486)
	at org.springframework.beans.BeanUtils.instantiateClass(BeanUtils.java:211)
	... 21 common frames omitted
16 Mar 2025 - 14:18:35.639 - c.example.tgcloud.TgcloudApplication -  INFO  - Starting TgcloudApplication using Java 21.0.5 with PID 2218109 (/home/elmurod/IdeaProjects/telegramcloud/target/classes started by elmurod in /home/elmurod/IdeaProjects/telegramcloud)
16 Mar 2025 - 14:18:35.654 - c.example.tgcloud.TgcloudApplication -  INFO  - No active profile set, falling back to 1 default profile: "default"
16 Mar 2025 - 14:18:36.225 - o.s.d.r.c.RepositoryConfigurationDelegate -  INFO  - Bootstrapping Spring Data JPA repositories in DEFAULT mode.
16 Mar 2025 - 14:18:36.274 - o.s.d.r.c.RepositoryConfigurationDelegate -  INFO  - Finished Spring Data repository scanning in 42 ms. Found 2 JPA repository interfaces.
16 Mar 2025 - 14:18:36.734 - o.s.b.w.e.tomcat.TomcatWebServer -  INFO  - Tomcat initialized with port(s): 8081 (http)
16 Mar 2025 - 14:18:36.743 - o.a.catalina.core.StandardService -  INFO  - Starting service [Tomcat]
16 Mar 2025 - 14:18:36.744 - o.a.catalina.core.StandardEngine -  INFO  - Starting Servlet engine: [Apache Tomcat/10.1.8]
16 Mar 2025 - 14:18:36.821 - o.a.c.c.C.[Tomcat].[localhost].[/] -  INFO  - Initializing Spring embedded WebApplicationContext
16 Mar 2025 - 14:18:36.822 - o.s.b.w.s.c.ServletWebServerApplicationContext -  INFO  - Root WebApplicationContext: initialization completed in 1114 ms
16 Mar 2025 - 14:18:36.958 - o.h.jpa.internal.util.LogHelper -  INFO  - HHH000204: Processing PersistenceUnitInfo [name: default]
16 Mar 2025 - 14:18:37.013 - org.hibernate.Version -  INFO  - HHH000412: Hibernate ORM core version 6.2.2.Final
16 Mar 2025 - 14:18:37.015 - org.hibernate.cfg.Environment -  INFO  - HHH000406: Using bytecode reflection optimizer
16 Mar 2025 - 14:18:37.119 - o.h.b.i.BytecodeProviderInitiator -  INFO  - HHH000021: Bytecode provider name : bytebuddy
16 Mar 2025 - 14:18:37.242 - o.s.o.j.p.SpringPersistenceUnitInfo -  INFO  - No LoadTimeWeaver setup: ignoring JPA class transformer
16 Mar 2025 - 14:18:37.255 - com.zaxxer.hikari.HikariDataSource -  INFO  - HikariPool-1 - Starting...
16 Mar 2025 - 14:18:37.424 - com.zaxxer.hikari.pool.HikariPool -  INFO  - HikariPool-1 - Added connection org.postgresql.jdbc.PgConnection@1da75dde
16 Mar 2025 - 14:18:37.426 - com.zaxxer.hikari.HikariDataSource -  INFO  - HikariPool-1 - Start completed.
16 Mar 2025 - 14:18:37.483 - org.hibernate.orm.dialect -  INFO  - HHH035001: Using dialect: org.hibernate.dialect.PostgreSQLDialect, version: org.hibernate.engine.jdbc.env.internal.JdbcEnvironmentInitiator$DialectResolutionInfoImpl@41143873
16 Mar 2025 - 14:18:37.718 - o.h.b.i.BytecodeProviderInitiator -  INFO  - HHH000021: Bytecode provider name : bytebuddy
16 Mar 2025 - 14:18:38.293 - o.h.e.t.j.p.i.JtaPlatformInitiator -  INFO  - HHH000490: Using JtaPlatform implementation: [org.hibernate.engine.transaction.jta.platform.internal.NoJtaPlatform]
16 Mar 2025 - 14:18:38.395 - o.s.o.j.LocalContainerEntityManagerFactoryBean -  INFO  - Initialized JPA EntityManagerFactory for persistence unit 'default'
16 Mar 2025 - 14:18:40.333 - o.s.d.j.r.query.QueryEnhancerFactory -  INFO  - Hibernate is in classpath; If applicable, HQL parser will be used.
16 Mar 2025 - 14:18:40.772 - o.s.aop.framework.CglibAopProxy -  INFO  - Unable to proxy interface-implementing method [public final org.telegram.telegrambots.bots.DefaultBotOptions org.telegram.telegrambots.bots.DefaultAbsSender.getOptions()] because it is marked as final: Consider using interface-based JDK proxies instead!
16 Mar 2025 - 14:19:12.855 - o.s.b.w.s.c.AnnotationConfigServletWebServerApplicationContext -  WARN  - Exception encountered during context initialization - cancelling refresh attempt: org.springframework.beans.factory.BeanCreationException: Error creating bean with name 'myTelegramBot' defined in file [/home/elmurod/IdeaProjects/telegramcloud/target/classes/com/example/tgcloud/MyTelegramBot.class]: Failed to instantiate [com.example.tgcloud.MyTelegramBot]: Constructor threw exception
16 Mar 2025 - 14:19:12.856 - o.s.o.j.LocalContainerEntityManagerFactoryBean -  INFO  - Closing JPA EntityManagerFactory for persistence unit 'default'
16 Mar 2025 - 14:19:12.861 - com.zaxxer.hikari.HikariDataSource -  INFO  - HikariPool-1 - Shutdown initiated...
16 Mar 2025 - 14:19:12.864 - com.zaxxer.hikari.HikariDataSource -  INFO  - HikariPool-1 - Shutdown completed.
16 Mar 2025 - 14:19:12.866 - o.a.catalina.core.StandardService -  INFO  - Stopping service [Tomcat]
16 Mar 2025 - 14:19:12.882 - o.s.b.a.l.ConditionEvaluationReportLogger -  INFO  - 

Error starting ApplicationContext. To display the condition evaluation report re-run your application with 'debug' enabled.
16 Mar 2025 - 14:19:16.768 - c.example.tgcloud.TgcloudApplication -  INFO  - Starting TgcloudApplication using Java 21.0.5 with PID 2221586 (/home/elmurod/IdeaProjects/telegramcloud/target/classes started by elmurod in /home/elmurod/IdeaProjects/telegramcloud)
16 Mar 2025 - 14:19:16.779 - c.example.tgcloud.TgcloudApplication -  INFO  - No active profile set, falling back to 1 default profile: "default"
16 Mar 2025 - 14:19:17.363 - o.s.d.r.c.RepositoryConfigurationDelegate -  INFO  - Bootstrapping Spring Data JPA repositories in DEFAULT mode.
16 Mar 2025 - 14:19:17.410 - o.s.d.r.c.RepositoryConfigurationDelegate -  INFO  - Finished Spring Data repository scanning in 41 ms. Found 2 JPA repository interfaces.
16 Mar 2025 - 14:19:17.878 - o.s.b.w.e.tomcat.TomcatWebServer -  INFO  - Tomcat initialized with port(s): 8081 (http)
16 Mar 2025 - 14:19:17.886 - o.a.catalina.core.StandardService -  INFO  - Starting service [Tomcat]
16 Mar 2025 - 14:19:17.886 - o.a.catalina.core.StandardEngine -  INFO  - Starting Servlet engine: [Apache Tomcat/10.1.8]
16 Mar 2025 - 14:19:17.982 - o.a.c.c.C.[Tomcat].[localhost].[/] -  INFO  - Initializing Spring embedded WebApplicationContext
16 Mar 2025 - 14:19:17.982 - o.s.b.w.s.c.ServletWebServerApplicationContext -  INFO  - Root WebApplicationContext: initialization completed in 1151 ms
16 Mar 2025 - 14:19:18.120 - o.h.jpa.internal.util.LogHelper -  INFO  - HHH000204: Processing PersistenceUnitInfo [name: default]
16 Mar 2025 - 14:19:18.168 - org.hibernate.Version -  INFO  - HHH000412: Hibernate ORM core version 6.2.2.Final
16 Mar 2025 - 14:19:18.170 - org.hibernate.cfg.Environment -  INFO  - HHH000406: Using bytecode reflection optimizer
16 Mar 2025 - 14:19:18.271 - o.h.b.i.BytecodeProviderInitiator -  INFO  - HHH000021: Bytecode provider name : bytebuddy
16 Mar 2025 - 14:19:18.379 - o.s.o.j.p.SpringPersistenceUnitInfo -  INFO  - No LoadTimeWeaver setup: ignoring JPA class transformer
16 Mar 2025 - 14:19:18.394 - com.zaxxer.hikari.HikariDataSource -  INFO  - HikariPool-1 - Starting...
16 Mar 2025 - 14:19:18.555 - com.zaxxer.hikari.pool.HikariPool -  INFO  - HikariPool-1 - Added connection org.postgresql.jdbc.PgConnection@602298b
16 Mar 2025 - 14:19:18.557 - com.zaxxer.hikari.HikariDataSource -  INFO  - HikariPool-1 - Start completed.
16 Mar 2025 - 14:19:18.631 - org.hibernate.orm.dialect -  INFO  - HHH035001: Using dialect: org.hibernate.dialect.PostgreSQLDialect, version: org.hibernate.engine.jdbc.env.internal.JdbcEnvironmentInitiator$DialectResolutionInfoImpl@25cde5bb
16 Mar 2025 - 14:19:18.943 - o.h.b.i.BytecodeProviderInitiator -  INFO  - HHH000021: Bytecode provider name : bytebuddy
16 Mar 2025 - 14:19:19.510 - o.h.e.t.j.p.i.JtaPlatformInitiator -  INFO  - HHH000490: Using JtaPlatform implementation: [org.hibernate.engine.transaction.jta.platform.internal.NoJtaPlatform]
16 Mar 2025 - 14:19:19.604 - o.s.o.j.LocalContainerEntityManagerFactoryBean -  INFO  - Initialized JPA EntityManagerFactory for persistence unit 'default'
16 Mar 2025 - 14:19:20.294 - o.s.d.j.r.query.QueryEnhancerFactory -  INFO  - Hibernate is in classpath; If applicable, HQL parser will be used.
16 Mar 2025 - 14:19:20.728 - o.s.aop.framework.CglibAopProxy -  INFO  - Unable to proxy interface-implementing method [public final org.telegram.telegrambots.bots.DefaultBotOptions org.telegram.telegrambots.bots.DefaultAbsSender.getOptions()] because it is marked as final: Consider using interface-based JDK proxies instead!
16 Mar 2025 - 14:19:25.350 - com.example.tgcloud.MyTelegramBot -  ERROR - null
16 Mar 2025 - 14:19:25.393 - o.s.b.a.o.j.JpaBaseConfiguration$JpaWebConfiguration -  WARN  - spring.jpa.open-in-view is enabled by default. Therefore, database queries may be performed during view rendering. Explicitly configure spring.jpa.open-in-view to disable this warning
16 Mar 2025 - 14:19:25.783 - o.s.b.w.e.tomcat.TomcatWebServer -  INFO  - Tomcat started on port(s): 8081 (http) with context path ''
16 Mar 2025 - 14:19:26.122 - c.e.tgcloud.config.BotInitializer -  ERROR - Error removing old webhook
16 Mar 2025 - 14:19:26.125 - c.example.tgcloud.TgcloudApplication -  INFO  - Started TgcloudApplication in 9.795 seconds (process running for 10.586)
16 Mar 2025 - 14:20:22.339 - o.s.o.j.LocalContainerEntityManagerFactoryBean -  INFO  - Closing JPA EntityManagerFactory for persistence unit 'default'
16 Mar 2025 - 14:20:22.343 - com.zaxxer.hikari.HikariDataSource -  INFO  - HikariPool-1 - Shutdown initiated...
16 Mar 2025 - 14:20:22.358 - com.zaxxer.hikari.HikariDataSource -  INFO  - HikariPool-1 - Shutdown completed.
16 Mar 2025 - 14:20:24.581 - c.example.tgcloud.TgcloudApplication -  INFO  - Starting TgcloudApplication using Java 21.0.5 with PID 2227049 (/home/elmurod/IdeaProjects/telegramcloud/target/classes started by elmurod in /home/elmurod/IdeaProjects/telegramcloud)
16 Mar 2025 - 14:20:24.593 - c.example.tgcloud.TgcloudApplication -  INFO  - No active profile set, falling back to 1 default profile: "default"
16 Mar 2025 - 14:20:25.129 - o.s.d.r.c.RepositoryConfigurationDelegate -  INFO  - Bootstrapping Spring Data JPA repositories in DEFAULT mode.
16 Mar 2025 - 14:20:25.176 - o.s.d.r.c.RepositoryConfigurationDelegate -  INFO  - Finished Spring Data repository scanning in 41 ms. Found 2 JPA repository interfaces.
16 Mar 2025 - 14:20:25.645 - o.s.b.w.e.tomcat.TomcatWebServer -  INFO  - Tomcat initialized with port(s): 8081 (http)
16 Mar 2025 - 14:20:25.657 - o.a.catalina.core.StandardService -  INFO  - Starting service [Tomcat]
16 Mar 2025 - 14:20:25.658 - o.a.catalina.core.StandardEngine -  INFO  - Starting Servlet engine: [Apache Tomcat/10.1.8]
16 Mar 2025 - 14:20:25.757 - o.a.c.c.C.[Tomcat].[localhost].[/] -  INFO  - Initializing Spring embedded WebApplicationContext
16 Mar 2025 - 14:20:25.757 - o.s.b.w.s.c.ServletWebServerApplicationContext -  INFO  - Root WebApplicationContext: initialization completed in 1126 ms
16 Mar 2025 - 14:20:25.922 - o.h.jpa.internal.util.LogHelper -  INFO  - HHH000204: Processing PersistenceUnitInfo [name: default]
16 Mar 2025 - 14:20:25.961 - org.hibernate.Version -  INFO  - HHH000412: Hibernate ORM core version 6.2.2.Final
16 Mar 2025 - 14:20:25.963 - org.hibernate.cfg.Environment -  INFO  - HHH000406: Using bytecode reflection optimizer
16 Mar 2025 - 14:20:26.059 - o.h.b.i.BytecodeProviderInitiator -  INFO  - HHH000021: Bytecode provider name : bytebuddy
16 Mar 2025 - 14:20:26.170 - o.s.o.j.p.SpringPersistenceUnitInfo -  INFO  - No LoadTimeWeaver setup: ignoring JPA class transformer
16 Mar 2025 - 14:20:26.184 - com.zaxxer.hikari.HikariDataSource -  INFO  - HikariPool-1 - Starting...
16 Mar 2025 - 14:20:26.314 - com.zaxxer.hikari.pool.HikariPool -  INFO  - HikariPool-1 - Added connection org.postgresql.jdbc.PgConnection@44b9c7c4
16 Mar 2025 - 14:20:26.316 - com.zaxxer.hikari.HikariDataSource -  INFO  - HikariPool-1 - Start completed.
16 Mar 2025 - 14:20:26.353 - org.hibernate.orm.dialect -  INFO  - HHH035001: Using dialect: org.hibernate.dialect.PostgreSQLDialect, version: org.hibernate.engine.jdbc.env.internal.JdbcEnvironmentInitiator$DialectResolutionInfoImpl@a5e8260
16 Mar 2025 - 14:20:26.544 - o.h.b.i.BytecodeProviderInitiator -  INFO  - HHH000021: Bytecode provider name : bytebuddy
16 Mar 2025 - 14:20:27.100 - o.h.e.t.j.p.i.JtaPlatformInitiator -  INFO  - HHH000490: Using JtaPlatform implementation: [org.hibernate.engine.transaction.jta.platform.internal.NoJtaPlatform]
16 Mar 2025 - 14:20:27.190 - o.s.o.j.LocalContainerEntityManagerFactoryBean -  INFO  - Initialized JPA EntityManagerFactory for persistence unit 'default'
16 Mar 2025 - 14:20:28.065 - o.s.d.j.r.query.QueryEnhancerFactory -  INFO  - Hibernate is in classpath; If applicable, HQL parser will be used.
16 Mar 2025 - 14:20:28.510 - o.s.aop.framework.CglibAopProxy -  INFO  - Unable to proxy interface-implementing method [public final org.telegram.telegrambots.bots.DefaultBotOptions org.telegram.telegrambots.bots.DefaultAbsSender.getOptions()] because it is marked as final: Consider using interface-based JDK proxies instead!
16 Mar 2025 - 14:20:32.579 - o.s.b.a.o.j.JpaBaseConfiguration$JpaWebConfiguration -  WARN  - spring.jpa.open-in-view is enabled by default. Therefore, database queries may be performed during view rendering. Explicitly configure spring.jpa.open-in-view to disable this warning
16 Mar 2025 - 14:20:32.908 - o.s.b.w.e.tomcat.TomcatWebServer -  INFO  - Tomcat started on port(s): 8081 (http) with context path ''
16 Mar 2025 - 14:20:33.102 - c.example.tgcloud.TgcloudApplication -  INFO  - Started TgcloudApplication in 8.912 seconds (process running for 9.652)
16 Mar 2025 - 14:23:36.823 - o.h.p.entity.AbstractEntityPersister -  WARN  - HHH000502: The [folder] property of the [com.example.tgcloud.model.UserEntity] entity was modified, but it won't be updated because the property is immutable.
16 Mar 2025 - 14:23:38.863 - o.h.p.entity.AbstractEntityPersister -  WARN  - HHH000502: The [folder] property of the [com.example.tgcloud.model.UserEntity] entity was modified, but it won't be updated because the property is immutable.
16 Mar 2025 - 14:23:57.314 - o.h.p.entity.AbstractEntityPersister -  WARN  - HHH000502: The [folder] property of the [com.example.tgcloud.model.UserEntity] entity was modified, but it won't be updated because the property is immutable.
